<?xml version="1.0" encoding="UTF-8"?>
<!-- Generated by org.testng.reporters.JUnitReportReporter -->
<testsuite hostname="SHI58495EU1322F" name="tests.FacebookHomePageTest" tests="2" failures="0" timestamp="16 Jun 2021 06:00:46 GMT" time="21.016" errors="0">
  <testcase name="facebookUrlTest" time="0.013" classname="tests.FacebookHomePageTest"/>
  <testcase name="facebookTitleTest" time="21.003" classname="tests.FacebookHomePageTest"/>
</testsuite> <!-- tests.FacebookHomePageTest -->
